<?xml version="1.0" encoding="UTF-8" standalone="no"?>
<testsuite failures="0" name="cucumber.runtime.formatter.JUnitFormatter" skipped="0" tests="3" time="0.134352">
<testcase classname="Test Tagged Hooks" name="This is First test" time="0.132412">
<system-out><![CDATA[Given this is the first step................................................passed
When this is the second step................................................passed
Then This is the third step.................................................passed
]]></system-out>
</testcase>
<testcase classname="Test Tagged Hooks" name="This is Second test" time="0.00087">
<system-out><![CDATA[Given this is the first step................................................passed
When this is the second step................................................passed
Then This is the third step.................................................passed
]]></system-out>
</testcase>
<testcase classname="Test Tagged Hooks" name="This is Third test" time="0.00107">
<system-out><![CDATA[Given this is the first step................................................passed
When this is the second step................................................passed
Then This is the third step.................................................passed
]]></system-out>
</testcase>
</testsuite>
